models/grammar/digits.gram
models/grammar/menu.gram
models/hmm/en-us-semi/README
models/hmm/en-us-semi/feat.params
models/hmm/en-us-semi/mdef
models/hmm/en-us-semi/means
models/hmm/en-us-semi/noisedict
models/hmm/en-us-semi/sendump
models/hmm/en-us-semi/transition_matrices
models/hmm/en-us-semi/variances
models/hmm/tdt_sc_8k/feat.params
models/hmm/tdt_sc_8k/mdef
models/hmm/tdt_sc_8k/means
models/hmm/tdt_sc_8k/noisedict
models/hmm/tdt_sc_8k/sendump
models/hmm/tdt_sc_8k/transition_matrices
models/hmm/tdt_sc_8k/variances
models/kws/gugongkey.txt
models/kws/kws
models/kws/kws.txt
models/kws/sun.txt
models/lm/cmu07a.dic
models/lm/gugong.dic
models/lm/gugong.lm.DMP
models/lm/sun.dic
models/lm/sun.lm.DMP
models/lm/three.dic
models/lm/three.lm.DMP
models/lm/weather.dmp